<?xml version="1.0" encoding="UTF-8"?>
<!-- Generated by org.testng.reporters.JUnitReportReporter -->
<testsuite hostname="MANSINGH" failures="0" tests="1" name="jenkins.TestJenkins" time="0.438" errors="0" timestamp="2024-06-03T19:01:12 BST" skipped="0">
  <testcase classname="jenkins.TestJenkins" name="demoJenkinsMethod1" time="0.438"/>
  <system-out/>
</testsuite> <!-- jenkins.TestJenkins -->
