<?xml version="1.0" encoding="UTF-8"?>
<!-- Generated by org.testng.reporters.JUnitReportReporter -->
<testsuite hostname="MANSINGH" failures="0" tests="2" name="jenkins.TestJenkins" time="0.023" errors="0" timestamp="2024-04-24T07:19:36 BST" skipped="0">
  <testcase classname="jenkins.TestJenkins" name="demoJenkinsMethod1" time="0.021"/>
  <system-out/>
  <testcase classname="jenkins.TestJenkins" name="demoJenkinsMethod2" time="0.002"/>
  <system-out/>
</testsuite> <!-- jenkins.TestJenkins -->
