<?xml version="1.0" encoding="UTF-8"?>
<!-- Generated by org.testng.reporters.JUnitReportReporter -->
<testsuite hostname="MANSINGH" failures="0" tests="1" name="givenAutomation.automation.jenkinHello" time="80.348" errors="0" timestamp="2024-05-26T13:17:33 BST" skipped="0">
  <testcase classname="givenAutomation.automation.jenkinHello" name="resumeUpDate" time="80.348"/>
  <system-out/>
</testsuite> <!-- givenAutomation.automation.jenkinHello -->
